
/home/runner/work/exp-wall-peri-iitd/exp-wall-peri-iitd/experiment/simulation/js/layout.js
   9:10  warning  'nextDrawerItem' is defined but never used  no-unused-vars
  20:10  warning  'backDrawerItem' is defined but never used  no-unused-vars

/home/runner/work/exp-wall-peri-iitd/exp-wall-peri-iitd/experiment/simulation/js/main.js
   189:7   warning  'ChartGraph' is assigned a value but never used     no-unused-vars
   193:6   warning  'Graph1' is not defined                             no-undef
   197:6   warning  'Graph2' is not defined                             no-undef
   201:6   warning  'Graph3' is not defined                             no-undef
   205:6   warning  'Graph4' is not defined                             no-undef
   221:23  warning  'Chart' is not defined                              no-undef
   255:5   warning  'isPerformNext' is assigned a value but never used  no-unused-vars
   280:7   warning  'opacity' is assigned a value but never used        no-unused-vars
   286:7   warning  'hideAll' is assigned a value but never used        no-unused-vars
   286:28  warning  'disp' is assigned a value but never used           no-unused-vars
   292:7   warning  'showAll' is assigned a value but never used        no-unused-vars
   292:28  warning  'disp' is assigned a value but never used           no-unused-vars
   299:7   warning  'set' is assigned a value but never used            no-unused-vars
   332:29  warning  'speed' is assigned a value but never used          no-unused-vars
   339:15  warning  'Typed' is not defined                              no-undef
   360:19  warning  'src' is not defined                                no-undef
   494:17  warning  'anime' is not defined                              no-undef
   648:10  warning  'cursorPointer' is defined but never used           no-unused-vars
   788:10  warning  'i' is not defined                                  no-undef
   789:18  warning  'i' is not defined                                  no-undef
   791:10  warning  'i' is not defined                                  no-undef
   792:11  warning  'i' is not defined                                  no-undef
   792:28  warning  'i' is not defined                                  no-undef
   792:48  warning  'i' is not defined                                  no-undef
   795:25  warning  'i' is not defined                                  no-undef
   819:6   warning  'intro' is not defined                              no-undef
   847:18  warning  'anime' is not defined                              no-undef
   869:15  warning  'intru' is not defined                              no-undef
   869:27  warning  'Typed' is not defined                              no-undef
   887:16  warning  'intru' is not defined                              no-undef
   903:6   warning  'objective' is not defined                          no-undef
   919:5   warning  'anime' is not defined                              no-undef
   932:6   warning  'step1' is not defined                              no-undef
  1031:11  warning  'anime' is not defined                              no-undef
  1050:11  warning  'anime' is not defined                              no-undef
  1075:13  warning  'anime' is not defined                              no-undef
  1114:11  warning  'anime' is not defined                              no-undef
  1155:6   warning  'step2' is not defined                              no-undef
  1279:11  warning  'anime' is not defined                              no-undef
  1298:11  warning  'anime' is not defined                              no-undef
  1323:13  warning  'anime' is not defined                              no-undef
  1362:11  warning  'anime' is not defined                              no-undef
  1403:6   warning  'step3' is not defined                              no-undef
  1543:11  warning  'anime' is not defined                              no-undef
  1562:11  warning  'anime' is not defined                              no-undef
  1587:13  warning  'anime' is not defined                              no-undef
  1626:11  warning  'anime' is not defined                              no-undef
  1667:6   warning  'step12' is not defined                             no-undef
  1698:9   warning  'anime' is not defined                              no-undef
  1718:9   warning  'anime' is not defined                              no-undef
  1735:9   warning  'anime' is not defined                              no-undef
  1794:6   warning  'step31' is not defined                             no-undef
  1824:9   warning  'anime' is not defined                              no-undef
  1842:9   warning  'anime' is not defined                              no-undef
  1860:9   warning  'anime' is not defined                              no-undef
  1892:6   warning  'step4' is not defined                              no-undef
  1937:9   warning  'anime' is not defined                              no-undef
  1965:9   warning  'anime' is not defined                              no-undef
  1993:9   warning  'anime' is not defined                              no-undef
  2021:9   warning  'anime' is not defined                              no-undef
  2064:6   warning  'step5' is not defined                              no-undef
  2136:9   warning  'anime' is not defined                              no-undef
  2196:9   warning  'anime' is not defined                              no-undef
  2256:9   warning  'anime' is not defined                              no-undef
  2385:6   warning  'step6' is not defined                              no-undef
  2652:7   warning  'anime' is not defined                              no-undef
  2719:7   warning  'anime' is not defined                              no-undef
  2771:7   warning  'anime' is not defined                              no-undef
  2903:7   warning  'anime' is not defined                              no-undef
  2945:6   warning  'completed' is not defined                          no-undef
  2982:7   warning  'backDrawerItem' is not defined                     no-undef
  2983:7   warning  'backProgressBar' is not defined                    no-undef
  2993:9   warning  'nextDrawerItem' is not defined                     no-undef
  2994:9   warning  'nextProgressBar' is not defined                    no-undef
  2997:12  warning  Empty block statement                               no-empty
  3049:10  warning  'getCursor' is defined but never used               no-unused-vars

/home/runner/work/exp-wall-peri-iitd/exp-wall-peri-iitd/experiment/simulation/js/progressBar.js
   2:7  warning  'prevBtns' is assigned a value but never used         no-unused-vars
   3:7  warning  'nextBtns' is assigned a value but never used         no-unused-vars
  12:7  warning  'nextProgressBar' is assigned a value but never used  no-unused-vars
  19:7  warning  'backProgressBar' is assigned a value but never used  no-unused-vars

✖ 82 problems (0 errors, 82 warnings)

